<?xml version="1.0" encoding="UTF-8"?>
<!-- Generated by org.testng.reporters.JUnitReportReporter -->
<testsuite hostname="DESKTOP-122R1QE" failures="0" tests="1" name="com.qa.test.LoginTest" time="0.012" errors="0" timestamp="30 Mar 2020 14:00:50 GMT" skipped="0">
  <testcase classname="com.qa.test.LoginTest" name="Test_1" time="0.012"/>
</testsuite> <!-- com.qa.test.LoginTest -->
