<?xml version="1.0" encoding="UTF-8"?>
<!-- Generated by org.testng.reporters.JUnitReportReporter -->
<testsuite hostname="DESKTOP-122R1QE" failures="0" tests="2" name="com.qa.test.LoginTest" time="0.010" errors="0" timestamp="31 Mar 2020 23:21:54 GMT" skipped="0">
  <testcase classname="com.qa.test.LoginTest" name="Test_1" time="0.007"/>
  <testcase classname="com.qa.test.LoginTest" name="Test_2" time="0.003"/>
</testsuite> <!-- com.qa.test.LoginTest -->
